2026-05-25 22:32:57 | [AUTO_BLOCK_OVERDUE] args=()
2026-05-25 22:34:50 | [ADD_TASK] args=(BugReport('помилка інтерфейсу', priority=2, TODO),)
2026-05-25 22:38:39 | [ADD_TASK] args=(FeatureRequest('сортування за статусом', priority=5, TODO),)
2026-05-25 22:41:28 | [AUTO_BLOCK_OVERDUE] args=()
2026-05-25 22:41:54 | [EXPORT_CSV] args=('tasks_report.csv',)
2026-05-25 22:51:14 | [AUTO_BLOCK_OVERDUE] args=()
2026-05-26 19:27:20 | [ADD_TASK] args=(BugReport('відхилення оплати', priority=2, TODO),)
2026-05-26 19:56:13 | [AUTO_BLOCK_OVERDUE] args=()
2026-05-26 20:01:30 | [ADD_TASK] args=(BugReport('помилка інтерфейсу', priority=4, TODO),)
2026-05-26 20:09:21 | [ADD_TASK] args=(FeatureRequest('кнопка для перемикання дизайну сайту з світлого на темний', priority=6, TODO),)
2026-05-26 20:12:51 | [EXPORT_CSV] args=('tasks_report.csv',)
2026-05-26 20:23:46 | [ADD_TASK] args=(BugReport('не відкривається меню', priority=3, TODO),)
2026-05-27 14:32:12 | [AUTO_BLOCK_OVERDUE] args=()
2026-05-27 14:33:38 | [ADD_TASK] args=(FeatureRequest('зміна теми на світлу та темну', priority=6, TODO),)
2026-05-28 13:07:14 | [STATUS CHANGE] user='Анна Бакус' | task='помилка інтерфейсу' | TODO → IN_PROGRESS
2026-05-28 13:07:14 | [STATUS_CHANGE] args=(0, <Status.IN_PROGRESS: 'IN_PROGRESS'>, 'Анна Бакус')
2026-05-28 13:18:18 | [AUTO_BLOCK_OVERDUE] args=()
2026-06-03 11:26:49 | [AUTO_BLOCK_OVERDUE] args=()
2026-06-10 19:42:02 | [AUTO_BLOCK_OVERDUE] args=()
2026-06-10 19:45:07 | [ADD_TASK] args=(BugReport('текст повідомлення не відображається', priority=3, TODO),)
2026-06-10 19:46:58 | [ADD_TASK] args=(FeatureRequest('додати функцію зміни мови', priority=4, TODO),)
2026-06-10 19:48:55 | [STATUS CHANGE] user='Анна Бакус' | task='помилка інтерфейсу' | TODO → IN_PROGRESS
2026-06-10 19:48:55 | [STATUS_CHANGE] args=(0, <Status.IN_PROGRESS: 'IN_PROGRESS'>, 'Анна Бакус')
2026-06-11 08:30:40 | [STATUS CHANGE] user='system' | task='помилка інтерфейсу' | TODO → BLOCKED
2026-06-11 08:30:40 | [AUTO_BLOCK_OVERDUE] args=()
2026-06-11 10:22:29 | [STATUS CHANGE] user='system' | task='помилка інтерфейсу' | TODO → BLOCKED
2026-06-11 10:22:29 | [AUTO_BLOCK_OVERDUE] args=()
2026-06-11 10:23:32 | [ADD_TASK] args=(BugReport('не працює кнопка при натисканні', priority=5, TODO),)
2026-06-11 10:24:32 | [STATUS CHANGE] user='Анна Бакус' | task='кнопка для перемикання дизайну сайту з світлого на темний' | TODO → DONE
2026-06-11 10:24:32 | [STATUS_CHANGE] args=(1, <Status.DONE: 'DONE'>, 'Анна Бакус')
2026-06-11 10:25:09 | [ADD_TASK] args=(FeatureRequest('додати зміну мови', priority=3, TODO),)
2026-06-11 10:26:29 | [STATUS CHANGE] user='Анна Бакус' | task='не працює кнопка при натисканні' | TODO → DONE
2026-06-11 10:26:29 | [STATUS_CHANGE] args=(2, <Status.DONE: 'DONE'>, 'Анна Бакус')
2026-06-11 10:32:01 | [AUTO_BLOCK_OVERDUE] args=()
2026-06-11 10:33:00 | [EXPORT_CSV] args=('tasks_report.csv',)
2026-06-11 10:38:28 | [AUTO_BLOCK_OVERDUE] args=()
2026-06-11 10:39:19 | [ADD_TASK] args=(BugReport('иии', priority=3, TODO),)
2026-06-11 10:40:01 | [AUTO_BLOCK_OVERDUE] args=()
2026-06-11 10:40:24 | [ADD_TASK] args=(BugReport('рори', priority=3, TODO),)
2026-06-11 10:40:52 | [AUTO_BLOCK_OVERDUE] args=()
2026-06-11 10:47:58 | [STATUS CHANGE] user='Анна Бакус' | task='додати зміну мови' | TODO → IN_PROGRESS
2026-06-11 10:47:58 | [STATUS_CHANGE] args=(3, <Status.IN_PROGRESS: 'IN_PROGRESS'>, 'Анна Бакус')
2026-06-11 10:50:47 | [AUTO_BLOCK_OVERDUE] args=()
